<?xml version="1.0" encoding="UTF-8"?>
<!-- Generated by org.testng.reporters.JUnitReportReporter -->
<testsuite name="com.git.GitPractice.Practice" tests="1" time="0.007" ignored="0" failures="0" timestamp="12 Dec 2020 13:39:40 GMT" skipped="0" hostname="Naveens-MacBook-Pro.local" errors="0">
  <testcase name="start" time="0.007" classname="com.git.GitPractice.Practice"/>
</testsuite> <!-- com.git.GitPractice.Practice -->
